{"/Users/kevingatdula/Documents/Experiments/timetracker/lib/concerts.ts": {"path":"/Users/kevingatdula/Documents/Experiments/timetracker/lib/concerts.ts","statementMap":{"0":{"start":{"line":14,"column":0},"end":{"line":14,"column":22}},"1":{"start":{"line":20,"column":0},"end":{"line":20,"column":22}},"2":{"start":{"line":1,"column":0},"end":{"line":1,"column":37}},"3":{"start":{"line":2,"column":0},"end":{"line":2,"column":23}},"4":{"start":{"line":4,"column":13},"end":{"line":7,"column":null}},"5":{"start":{"line":9,"column":13},"end":{"line":12,"column":null}},"6":{"start":{"line":15,"column":9},"end":{"line":17,"column":null}},"7":{"start":{"line":15,"column":2},"end":{"line":17,"column":null}},"8":{"start":{"line":21,"column":9},"end":{"line":24,"column":null}},"9":{"start":{"line":21,"column":2},"end":{"line":24,"column":null}}},"fnMap":{"0":{"name":"createConcert","decl":{"start":{"line":14,"column":22},"end":{"line":14,"column":35}},"loc":{"start":{"line":14,"column":77},"end":{"line":18,"column":null}}},"1":{"name":"updateConcert","decl":{"start":{"line":20,"column":22},"end":{"line":20,"column":35}},"loc":{"start":{"line":20,"column":89},"end":{"line":25,"column":null}}}},"branchMap":{"0":{"loc":{"start":{"line":15,"column":9},"end":{"line":17,"column":null}},"type":"switch","locations":[{"start":{"line":15,"column":9},"end":{"line":17,"column":null}},{"start":{"line":15,"column":2},"end":{"line":17,"column":null}}]},"1":{"loc":{"start":{"line":21,"column":9},"end":{"line":24,"column":null}},"type":"switch","locations":[{"start":{"line":21,"column":9},"end":{"line":24,"column":null}},{"start":{"line":21,"column":2},"end":{"line":24,"column":null}}]}},"s":{"0":1,"1":1,"2":1,"3":1,"4":1,"5":1,"6":1,"7":1,"8":1,"9":1},"f":{"0":1,"1":1},"b":{"0":[1,1],"1":[1,1]}}
,"/Users/kevingatdula/Documents/Experiments/timetracker/scripts/create-admin.ts": {"path":"/Users/kevingatdula/Documents/Experiments/timetracker/scripts/create-admin.ts","statementMap":{"0":{"start":{"line":13,"column":0},"end":{"line":13,"column":22}},"1":{"start":{"line":41,"column":0},"end":{"line":41,"column":22}},"2":{"start":{"line":2,"column":0},"end":{"line":2,"column":31}},"3":{"start":{"line":3,"column":0},"end":{"line":3,"column":61}},"4":{"start":{"line":4,"column":0},"end":{"line":4,"column":37}},"5":{"start":{"line":15,"column":27},"end":{"line":15,"column":null}},"6":{"start":{"line":15,"column":10},"end":{"line":15,"column":null}},"7":{"start":{"line":18,"column":25},"end":{"line":20,"column":null}},"8":{"start":{"line":18,"column":10},"end":{"line":20,"column":null}},"9":{"start":{"line":22,"column":4},"end":{"line":24,"column":5}},"10":{"start":{"line":23,"column":6},"end":{"line":23,"column":null}},"11":{"start":{"line":26,"column":17},"end":{"line":33,"column":null}},"12":{"start":{"line":26,"column":10},"end":{"line":33,"column":null}},"13":{"start":{"line":35,"column":4},"end":{"line":35,"column":null}},"14":{"start":{"line":37,"column":4},"end":{"line":37,"column":null}},"15":{"start":{"line":43,"column":19},"end":{"line":47,"column":null}},"16":{"start":{"line":43,"column":10},"end":{"line":47,"column":null}},"17":{"start":{"line":49,"column":4},"end":{"line":53,"column":5}},"18":{"start":{"line":50,"column":6},"end":{"line":50,"column":null}},"19":{"start":{"line":52,"column":6},"end":{"line":52,"column":null}},"20":{"start":{"line":55,"column":4},"end":{"line":57,"column":5}},"21":{"start":{"line":56,"column":6},"end":{"line":56,"column":null}},"22":{"start":{"line":59,"column":4},"end":{"line":59,"column":null}},"23":{"start":{"line":64,"column":0},"end":{"line":71,"column":1}},"24":{"start":{"line":65,"column":2},"end":{"line":70,"column":null}},"25":{"start":{"line":66,"column":16},"end":{"line":66,"column":32}},"26":{"start":{"line":68,"column":6},"end":{"line":68,"column":null}},"27":{"start":{"line":69,"column":6},"end":{"line":69,"column":null}}},"fnMap":{"0":{"name":"createAdmin","decl":{"start":{"line":13,"column":22},"end":{"line":13,"column":33}},"loc":{"start":{"line":13,"column":79},"end":{"line":39,"column":null}}},"1":{"name":"main","decl":{"start":{"line":41,"column":22},"end":{"line":41,"column":26}},"loc":{"start":{"line":41,"column":26},"end":{"line":61,"column":null}}},"2":{"name":"(anonymous_19)","decl":{"start":{"line":66,"column":10},"end":{"line":66,"column":16}},"loc":{"start":{"line":66,"column":10},"end":{"line":66,"column":23}}},"3":{"name":"(anonymous_20)","decl":{"start":{"line":67,"column":11},"end":{"line":67,"column":12}},"loc":{"start":{"line":67,"column":15},"end":{"line":70,"column":5}}}},"branchMap":{"0":{"loc":{"start":{"line":22,"column":4},"end":{"line":24,"column":5}},"type":"if","locations":[{"start":{"line":22,"column":4},"end":{"line":24,"column":5}}]},"1":{"loc":{"start":{"line":59,"column":4},"end":{"line":59,"column":null}},"type":"switch","locations":[{"start":{"line":59,"column":4},"end":{"line":59,"column":null}}]},"2":{"loc":{"start":{"line":49,"column":4},"end":{"line":53,"column":5}},"type":"if","locations":[{"start":{"line":49,"column":4},"end":{"line":53,"column":5}},{"start":{"line":51,"column":11},"end":{"line":53,"column":5}}]},"3":{"loc":{"start":{"line":49,"column":8},"end":{"line":49,"column":37}},"type":"binary-expr","locations":[{"start":{"line":49,"column":8},"end":{"line":49,"column":22}},{"start":{"line":49,"column":26},"end":{"line":49,"column":37}}]},"4":{"loc":{"start":{"line":55,"column":4},"end":{"line":57,"column":5}},"type":"if","locations":[{"start":{"line":55,"column":4},"end":{"line":57,"column":5}}]},"5":{"loc":{"start":{"line":64,"column":0},"end":{"line":71,"column":1}},"type":"if","locations":[{"start":{"line":64,"column":0},"end":{"line":71,"column":1}}]}},"s":{"0":1,"1":1,"2":1,"3":1,"4":1,"5":3,"6":3,"7":3,"8":3,"9":2,"10":1,"11":1,"12":1,"13":1,"14":1,"15":0,"16":0,"17":0,"18":0,"19":0,"20":0,"21":0,"22":0,"23":1,"24":0,"25":0,"26":0,"27":0},"f":{"0":3,"1":0,"2":0,"3":0},"b":{"0":[1],"1":[0],"2":[0,0],"3":[0,0],"4":[0],"5":[0]}}
,"/Users/kevingatdula/Documents/Experiments/timetracker/scripts/__tests__/helpers/test-utils.ts": {"path":"/Users/kevingatdula/Documents/Experiments/timetracker/scripts/__tests__/helpers/test-utils.ts","statementMap":{"0":{"start":{"line":1,"column":0},"end":{"line":1,"column":67}},"1":{"start":{"line":3,"column":13},"end":{"line":11,"column":null}},"2":{"start":{"line":13,"column":13},"end":{"line":19,"column":null}},"3":{"start":{"line":21,"column":13},"end":{"line":35,"column":null}}},"fnMap":{},"branchMap":{},"s":{"0":1,"1":1,"2":1,"3":1},"f":{},"b":{}}
}
