TN:
SF:lib/concerts.ts
FN:14,createConcert
FN:20,updateConcert
FNF:2
FNH:2
FNDA:1,createConcert
FNDA:1,updateConcert
DA:1,1
DA:2,1
DA:4,1
DA:9,1
DA:14,1
DA:15,1
DA:20,1
DA:21,1
LF:8
LH:8
BRDA:15,0,0,1
BRDA:15,0,1,1
BRDA:21,1,0,1
BRDA:21,1,1,1
BRF:4
BRH:4
end_of_record
TN:
SF:scripts/create-admin.ts
FN:13,createAdmin
FN:41,main
FN:66,(anonymous_19)
FN:67,(anonymous_20)
FNF:4
FNH:1
FNDA:3,createAdmin
FNDA:0,main
FNDA:0,(anonymous_19)
FNDA:0,(anonymous_20)
DA:2,1
DA:3,1
DA:4,1
DA:13,1
DA:15,3
DA:18,3
DA:22,2
DA:23,1
DA:26,1
DA:35,1
DA:37,1
DA:41,1
DA:43,0
DA:49,0
DA:50,0
DA:52,0
DA:55,0
DA:56,0
DA:59,0
DA:64,1
DA:65,0
DA:66,0
DA:68,0
DA:69,0
LF:24
LH:13
BRDA:22,0,0,1
BRDA:59,1,0,0
BRDA:49,2,0,0
BRDA:49,2,1,0
BRDA:49,3,0,0
BRDA:49,3,1,0
BRDA:55,4,0,0
BRDA:64,5,0,0
BRF:8
BRH:1
end_of_record
TN:
SF:scripts/__tests__/helpers/test-utils.ts
FNF:0
FNH:0
DA:1,1
DA:3,1
DA:13,1
DA:21,1
LF:4
LH:4
BRF:0
BRH:0
end_of_record
